<?xml version="1.0" ?>
<coverage version="7.13.5" timestamp="1775614621261" lines-valid="527" lines-covered="245" line-rate="0.4649" branches-covered="0" branches-valid="0" branch-rate="0" complexity="0">
	<!-- Generated by coverage.py: https://coverage.readthedocs.io/en/7.13.5 -->
	<!-- Based on https://raw.githubusercontent.com/cobertura/web/master/htdocs/xml/coverage-04.dtd -->
	<sources>
		<source>/home/runner/work/TrojanChat/TrojanChat</source>
	</sources>
	<packages>
		<package name="." line-rate="0.2155" branch-rate="0" complexity="0">
			<classes>
				<class name="App.py" filename="App.py" complexity="0" line-rate="0" branch-rate="0">
					<methods/>
					<lines>
						<line number="1" hits="0"/>
						<line number="2" hits="0"/>
						<line number="4" hits="0"/>
						<line number="7" hits="0"/>
						<line number="8" hits="0"/>
						<line number="9" hits="0"/>
						<line number="12" hits="0"/>
						<line number="13" hits="0"/>
						<line number="14" hits="0"/>
					</lines>
				</class>
				<class name="llm_agent.py" filename="llm_agent.py" complexity="0" line-rate="0" branch-rate="0">
					<methods/>
					<lines>
						<line number="1" hits="0"/>
						<line number="2" hits="0"/>
						<line number="3" hits="0"/>
						<line number="4" hits="0"/>
						<line number="5" hits="0"/>
						<line number="7" hits="0"/>
						<line number="8" hits="0"/>
						<line number="9" hits="0"/>
						<line number="11" hits="0"/>
						<line number="12" hits="0"/>
						<line number="16" hits="0"/>
						<line number="18" hits="0"/>
						<line number="19" hits="0"/>
						<line number="20" hits="0"/>
						<line number="21" hits="0"/>
					</lines>
				</class>
				<class name="mcp_adapter.py" filename="mcp_adapter.py" complexity="0" line-rate="0.8333" branch-rate="0">
					<methods/>
					<lines>
						<line number="1" hits="1"/>
						<line number="2" hits="1"/>
						<line number="3" hits="1"/>
						<line number="6" hits="1"/>
						<line number="13" hits="1"/>
						<line number="17" hits="1"/>
						<line number="18" hits="1"/>
						<line number="19" hits="1"/>
						<line number="21" hits="1"/>
						<line number="22" hits="1"/>
						<line number="24" hits="1"/>
						<line number="30" hits="1"/>
						<line number="32" hits="1"/>
						<line number="35" hits="1"/>
						<line number="39" hits="1"/>
						<line number="40" hits="1"/>
						<line number="42" hits="1"/>
						<line number="43" hits="0"/>
						<line number="45" hits="1"/>
						<line number="48" hits="1"/>
						<line number="52" hits="1"/>
						<line number="53" hits="1"/>
						<line number="54" hits="1"/>
						<line number="55" hits="1"/>
						<line number="57" hits="1"/>
						<line number="60" hits="1"/>
						<line number="62" hits="0"/>
						<line number="68" hits="0"/>
						<line number="70" hits="0"/>
						<line number="75" hits="0"/>
					</lines>
				</class>
				<class name="n8n_webhook.py" filename="n8n_webhook.py" complexity="0" line-rate="0" branch-rate="0">
					<methods/>
					<lines>
						<line number="1" hits="0"/>
						<line number="2" hits="0"/>
						<line number="4" hits="0"/>
						<line number="6" hits="0"/>
						<line number="7" hits="0"/>
						<line number="12" hits="0"/>
						<line number="13" hits="0"/>
						<line number="14" hits="0"/>
						<line number="15" hits="0"/>
						<line number="17" hits="0"/>
						<line number="18" hits="0"/>
						<line number="19" hits="0"/>
						<line number="20" hits="0"/>
						<line number="23" hits="0"/>
						<line number="24" hits="0"/>
					</lines>
				</class>
				<class name="streamlit_app.py" filename="streamlit_app.py" complexity="0" line-rate="0" branch-rate="0">
					<methods/>
					<lines>
						<line number="6" hits="0"/>
						<line number="7" hits="0"/>
						<line number="8" hits="0"/>
						<line number="10" hits="0"/>
						<line number="17" hits="0"/>
						<line number="18" hits="0"/>
						<line number="19" hits="0"/>
						<line number="21" hits="0"/>
						<line number="22" hits="0"/>
						<line number="23" hits="0"/>
						<line number="24" hits="0"/>
						<line number="26" hits="0"/>
						<line number="29" hits="0"/>
						<line number="30" hits="0"/>
						<line number="33" hits="0"/>
						<line number="34" hits="0"/>
						<line number="35" hits="0"/>
						<line number="36" hits="0"/>
						<line number="37" hits="0"/>
						<line number="38" hits="0"/>
						<line number="40" hits="0"/>
						<line number="43" hits="0"/>
						<line number="44" hits="0"/>
						<line number="45" hits="0"/>
						<line number="50" hits="0"/>
						<line number="51" hits="0"/>
						<line number="53" hits="0"/>
						<line number="56" hits="0"/>
						<line number="57" hits="0"/>
						<line number="59" hits="0"/>
						<line number="64" hits="0"/>
						<line number="65" hits="0"/>
						<line number="66" hits="0"/>
						<line number="67" hits="0"/>
						<line number="69" hits="0"/>
						<line number="70" hits="0"/>
						<line number="72" hits="0"/>
						<line number="73" hits="0"/>
						<line number="75" hits="0"/>
						<line number="76" hits="0"/>
						<line number="77" hits="0"/>
					</lines>
				</class>
				<class name="test.py" filename="test.py" complexity="0" line-rate="0" branch-rate="0">
					<methods/>
					<lines>
						<line number="1" hits="0"/>
						<line number="3" hits="0"/>
						<line number="4" hits="0"/>
						<line number="6" hits="0"/>
						<line number="7" hits="0"/>
						<line number="8" hits="0"/>
					</lines>
				</class>
			</classes>
		</package>
		<package name="app" line-rate="1" branch-rate="0" complexity="0">
			<classes>
				<class name="__init__.py" filename="app/__init__.py" complexity="0" line-rate="1" branch-rate="0">
					<methods/>
					<lines/>
				</class>
			</classes>
		</package>
		<package name="app.core" line-rate="0.5385" branch-rate="0" complexity="0">
			<classes>
				<class name="__init__.py" filename="app/core/__init__.py" complexity="0" line-rate="1" branch-rate="0">
					<methods/>
					<lines/>
				</class>
				<class name="config.py" filename="app/core/config.py" complexity="0" line-rate="0" branch-rate="0">
					<methods/>
					<lines>
						<line number="1" hits="0"/>
						<line number="4" hits="0"/>
						<line number="5" hits="0"/>
						<line number="6" hits="0"/>
						<line number="7" hits="0"/>
						<line number="9" hits="0"/>
						<line number="10" hits="0"/>
						<line number="13" hits="0"/>
					</lines>
				</class>
				<class name="inference_cache.py" filename="app/core/inference_cache.py" complexity="0" line-rate="1" branch-rate="0">
					<methods/>
					<lines>
						<line number="3" hits="1"/>
						<line number="4" hits="1"/>
						<line number="5" hits="1"/>
						<line number="6" hits="1"/>
						<line number="8" hits="1"/>
						<line number="10" hits="1"/>
						<line number="12" hits="1"/>
						<line number="13" hits="1"/>
						<line number="14" hits="1"/>
						<line number="15" hits="1"/>
						<line number="17" hits="1"/>
						<line number="20" hits="1"/>
						<line number="23" hits="1"/>
						<line number="24" hits="1"/>
						<line number="25" hits="1"/>
						<line number="26" hits="1"/>
						<line number="27" hits="1"/>
						<line number="35" hits="1"/>
						<line number="38" hits="1"/>
						<line number="40" hits="1"/>
						<line number="44" hits="1"/>
						<line number="45" hits="1"/>
						<line number="48" hits="1"/>
						<line number="50" hits="1"/>
						<line number="52" hits="1"/>
						<line number="53" hits="1"/>
						<line number="54" hits="1"/>
						<line number="55" hits="1"/>
						<line number="56" hits="1"/>
						<line number="57" hits="1"/>
						<line number="58" hits="1"/>
						<line number="59" hits="1"/>
						<line number="60" hits="1"/>
						<line number="61" hits="1"/>
						<line number="62" hits="1"/>
						<line number="63" hits="1"/>
						<line number="64" hits="1"/>
						<line number="65" hits="1"/>
						<line number="66" hits="1"/>
						<line number="67" hits="1"/>
						<line number="70" hits="1"/>
						<line number="72" hits="1"/>
						<line number="74" hits="1"/>
						<line number="75" hits="1"/>
						<line number="76" hits="1"/>
						<line number="77" hits="1"/>
						<line number="78" hits="1"/>
						<line number="79" hits="1"/>
						<line number="80" hits="1"/>
						<line number="81" hits="1"/>
					</lines>
				</class>
				<class name="llm_client.py" filename="app/core/llm_client.py" complexity="0" line-rate="0.7143" branch-rate="0">
					<methods/>
					<lines>
						<line number="1" hits="1"/>
						<line number="3" hits="1"/>
						<line number="4" hits="1"/>
						<line number="5" hits="1"/>
						<line number="7" hits="1"/>
						<line number="8" hits="0"/>
						<line number="13" hits="0"/>
					</lines>
				</class>
				<class name="metrics.py" filename="app/core/metrics.py" complexity="0" line-rate="1" branch-rate="0">
					<methods/>
					<lines>
						<line number="3" hits="1"/>
						<line number="5" hits="1"/>
						<line number="6" hits="1"/>
						<line number="7" hits="1"/>
						<line number="10" hits="1"/>
						<line number="11" hits="1"/>
						<line number="12" hits="1"/>
					</lines>
				</class>
				<class name="prompt_templates.py" filename="app/core/prompt_templates.py" complexity="0" line-rate="1" branch-rate="0">
					<methods/>
					<lines>
						<line number="1" hits="1"/>
					</lines>
				</class>
				<class name="redis_manager.py" filename="app/core/redis_manager.py" complexity="0" line-rate="0" branch-rate="0">
					<methods/>
					<lines>
						<line number="3" hits="0"/>
						<line number="4" hits="0"/>
						<line number="5" hits="0"/>
						<line number="6" hits="0"/>
						<line number="8" hits="0"/>
						<line number="10" hits="0"/>
						<line number="13" hits="0"/>
						<line number="14" hits="0"/>
						<line number="15" hits="0"/>
						<line number="16" hits="0"/>
						<line number="18" hits="0"/>
						<line number="19" hits="0"/>
						<line number="21" hits="0"/>
						<line number="22" hits="0"/>
						<line number="24" hits="0"/>
						<line number="25" hits="0"/>
						<line number="26" hits="0"/>
						<line number="27" hits="0"/>
					</lines>
				</class>
				<class name="security.py" filename="app/core/security.py" complexity="0" line-rate="0" branch-rate="0">
					<methods/>
					<lines>
						<line number="3" hits="0"/>
						<line number="4" hits="0"/>
						<line number="5" hits="0"/>
						<line number="7" hits="0"/>
						<line number="8" hits="0"/>
						<line number="10" hits="0"/>
						<line number="11" hits="0"/>
						<line number="12" hits="0"/>
						<line number="16" hits="0"/>
						<line number="17" hits="0"/>
						<line number="19" hits="0"/>
						<line number="22" hits="0"/>
						<line number="23" hits="0"/>
						<line number="26" hits="0"/>
						<line number="27" hits="0"/>
						<line number="30" hits="0"/>
						<line number="31" hits="0"/>
						<line number="33" hits="0"/>
						<line number="37" hits="0"/>
						<line number="38" hits="0"/>
						<line number="41" hits="0"/>
						<line number="42" hits="0"/>
						<line number="43" hits="0"/>
						<line number="44" hits="0"/>
						<line number="45" hits="0"/>
						<line number="46" hits="0"/>
					</lines>
				</class>
			</classes>
		</package>
		<package name="app.dependencies" line-rate="0" branch-rate="0" complexity="0">
			<classes>
				<class name="__init__.py" filename="app/dependencies/__init__.py" complexity="0" line-rate="1" branch-rate="0">
					<methods/>
					<lines/>
				</class>
				<class name="auth.py" filename="app/dependencies/auth.py" complexity="0" line-rate="0" branch-rate="0">
					<methods/>
					<lines>
						<line number="3" hits="0"/>
						<line number="4" hits="0"/>
						<line number="6" hits="0"/>
						<line number="8" hits="0"/>
						<line number="11" hits="0"/>
						<line number="14" hits="0"/>
						<line number="15" hits="0"/>
						<line number="17" hits="0"/>
						<line number="18" hits="0"/>
						<line number="23" hits="0"/>
						<line number="26" hits="0"/>
						<line number="27" hits="0"/>
						<line number="28" hits="0"/>
						<line number="29" hits="0"/>
						<line number="33" hits="0"/>
						<line number="35" hits="0"/>
					</lines>
				</class>
			</classes>
		</package>
		<package name="app.middleware" line-rate="0" branch-rate="0" complexity="0">
			<classes>
				<class name="__init__.py" filename="app/middleware/__init__.py" complexity="0" line-rate="1" branch-rate="0">
					<methods/>
					<lines/>
				</class>
				<class name="request_id_middleware.py" filename="app/middleware/request_id_middleware.py" complexity="0" line-rate="0" branch-rate="0">
					<methods/>
					<lines>
						<line number="3" hits="0"/>
						<line number="4" hits="0"/>
						<line number="5" hits="0"/>
						<line number="8" hits="0"/>
						<line number="9" hits="0"/>
						<line number="10" hits="0"/>
						<line number="11" hits="0"/>
						<line number="13" hits="0"/>
						<line number="14" hits="0"/>
						<line number="16" hits="0"/>
					</lines>
				</class>
			</classes>
		</package>
		<package name="app.services" line-rate="1" branch-rate="0" complexity="0">
			<classes>
				<class name="__init__.py" filename="app/services/__init__.py" complexity="0" line-rate="1" branch-rate="0">
					<methods/>
					<lines/>
				</class>
				<class name="chat_service.py" filename="app/services/chat_service.py" complexity="0" line-rate="1" branch-rate="0">
					<methods/>
					<lines>
						<line number="1" hits="1"/>
						<line number="3" hits="1"/>
						<line number="4" hits="1"/>
						<line number="6" hits="1"/>
						<line number="9" hits="1"/>
						<line number="10" hits="1"/>
						<line number="11" hits="1"/>
						<line number="13" hits="1"/>
						<line number="14" hits="1"/>
						<line number="15" hits="1"/>
						<line number="16" hits="1"/>
						<line number="17" hits="1"/>
						<line number="18" hits="1"/>
						<line number="20" hits="1"/>
						<line number="24" hits="1"/>
						<line number="25" hits="1"/>
						<line number="26" hits="1"/>
					</lines>
				</class>
			</classes>
		</package>
		<package name="backend" line-rate="0" branch-rate="0" complexity="0">
			<classes>
				<class name="__init__.py" filename="backend/__init__.py" complexity="0" line-rate="1" branch-rate="0">
					<methods/>
					<lines/>
				</class>
				<class name="api.py" filename="backend/api.py" complexity="0" line-rate="0" branch-rate="0">
					<methods/>
					<lines>
						<line number="1" hits="0"/>
						<line number="2" hits="0"/>
						<line number="3" hits="0"/>
						<line number="5" hits="0"/>
						<line number="10" hits="0"/>
						<line number="17" hits="0"/>
						<line number="19" hits="0"/>
						<line number="20" hits="0"/>
						<line number="21" hits="0"/>
						<line number="26" hits="0"/>
						<line number="29" hits="0"/>
					</lines>
				</class>
				<class name="config.py" filename="backend/config.py" complexity="0" line-rate="0" branch-rate="0">
					<methods/>
					<lines>
						<line number="1" hits="0"/>
						<line number="2" hits="0"/>
						<line number="5" hits="0"/>
						<line number="7" hits="0"/>
						<line number="14" hits="0"/>
						<line number="15" hits="0"/>
						<line number="18" hits="0"/>
						<line number="21" hits="0"/>
						<line number="22" hits="0"/>
						<line number="23" hits="0"/>
						<line number="26" hits="0"/>
						<line number="29" hits="0"/>
						<line number="30" hits="0"/>
						<line number="32" hits="0"/>
					</lines>
				</class>
			</classes>
		</package>
		<package name="backend.routes" line-rate="0" branch-rate="0" complexity="0">
			<classes>
				<class name="__init__.py" filename="backend/routes/__init__.py" complexity="0" line-rate="1" branch-rate="0">
					<methods/>
					<lines/>
				</class>
				<class name="chat_routes.py" filename="backend/routes/chat_routes.py" complexity="0" line-rate="0" branch-rate="0">
					<methods/>
					<lines>
						<line number="1" hits="0"/>
						<line number="2" hits="0"/>
						<line number="3" hits="0"/>
						<line number="5" hits="0"/>
						<line number="7" hits="0"/>
						<line number="13" hits="0"/>
						<line number="14" hits="0"/>
						<line number="15" hits="0"/>
						<line number="18" hits="0"/>
						<line number="19" hits="0"/>
						<line number="20" hits="0"/>
						<line number="21" hits="0"/>
						<line number="22" hits="0"/>
						<line number="29" hits="0"/>
						<line number="30" hits="0"/>
						<line number="34" hits="0"/>
						<line number="35" hits="0"/>
						<line number="39" hits="0"/>
						<line number="40" hits="0"/>
						<line number="41" hits="0"/>
						<line number="44" hits="0"/>
						<line number="45" hits="0"/>
						<line number="49" hits="0"/>
						<line number="50" hits="0"/>
						<line number="51" hits="0"/>
						<line number="52" hits="0"/>
						<line number="53" hits="0"/>
					</lines>
				</class>
				<class name="ws_routes.py" filename="backend/routes/ws_routes.py" complexity="0" line-rate="0" branch-rate="0">
					<methods/>
					<lines>
						<line number="1" hits="0"/>
						<line number="2" hits="0"/>
						<line number="3" hits="0"/>
						<line number="5" hits="0"/>
						<line number="8" hits="0"/>
						<line number="11" hits="0"/>
						<line number="12" hits="0"/>
						<line number="13" hits="0"/>
						<line number="15" hits="0"/>
						<line number="16" hits="0"/>
						<line number="17" hits="0"/>
						<line number="18" hits="0"/>
						<line number="20" hits="0"/>
						<line number="21" hits="0"/>
						<line number="22" hits="0"/>
						<line number="23" hits="0"/>
						<line number="25" hits="0"/>
						<line number="26" hits="0"/>
						<line number="27" hits="0"/>
						<line number="28" hits="0"/>
						<line number="29" hits="0"/>
						<line number="30" hits="0"/>
						<line number="31" hits="0"/>
						<line number="32" hits="0"/>
						<line number="35" hits="0"/>
						<line number="38" hits="0"/>
						<line number="39" hits="0"/>
						<line number="41" hits="0"/>
						<line number="43" hits="0"/>
						<line number="44" hits="0"/>
						<line number="45" hits="0"/>
						<line number="46" hits="0"/>
						<line number="47" hits="0"/>
						<line number="48" hits="0"/>
					</lines>
				</class>
			</classes>
		</package>
		<package name="backend.services" line-rate="0" branch-rate="0" complexity="0">
			<classes>
				<class name="__init__.py" filename="backend/services/__init__.py" complexity="0" line-rate="1" branch-rate="0">
					<methods/>
					<lines/>
				</class>
				<class name="chat_service.py" filename="backend/services/chat_service.py" complexity="0" line-rate="0" branch-rate="0">
					<methods/>
					<lines>
						<line number="1" hits="0"/>
						<line number="2" hits="0"/>
						<line number="3" hits="0"/>
						<line number="4" hits="0"/>
						<line number="7" hits="0"/>
						<line number="14" hits="0"/>
						<line number="17" hits="0"/>
						<line number="19" hits="0"/>
						<line number="23" hits="0"/>
						<line number="25" hits="0"/>
						<line number="29" hits="0"/>
						<line number="35" hits="0"/>
						<line number="39" hits="0"/>
						<line number="47" hits="0"/>
						<line number="49" hits="0"/>
						<line number="51" hits="0"/>
						<line number="55" hits="0"/>
					</lines>
				</class>
			</classes>
		</package>
		<package name="streamlit_app" line-rate="0" branch-rate="0" complexity="0">
			<classes>
				<class name="__init__.py" filename="streamlit_app/__init__.py" complexity="0" line-rate="0" branch-rate="0">
					<methods/>
					<lines>
						<line number="1" hits="0"/>
					</lines>
				</class>
				<class name="state.py" filename="streamlit_app/state.py" complexity="0" line-rate="0" branch-rate="0">
					<methods/>
					<lines>
						<line number="1" hits="0"/>
						<line number="4" hits="0"/>
						<line number="5" hits="0"/>
						<line number="6" hits="0"/>
					</lines>
				</class>
			</classes>
		</package>
		<package name="tests" line-rate="0.9781" branch-rate="0" complexity="0">
			<classes>
				<class name="test_chat.py" filename="tests/test_chat.py" complexity="0" line-rate="1" branch-rate="0">
					<methods/>
					<lines>
						<line number="1" hits="1"/>
						<line number="2" hits="1"/>
						<line number="5" hits="1"/>
						<line number="6" hits="1"/>
						<line number="11" hits="1"/>
						<line number="13" hits="1"/>
						<line number="14" hits="1"/>
						<line number="15" hits="1"/>
						<line number="18" hits="1"/>
						<line number="20" hits="1"/>
						<line number="26" hits="1"/>
						<line number="31" hits="1"/>
						<line number="32" hits="1"/>
						<line number="33" hits="1"/>
						<line number="34" hits="1"/>
						<line number="37" hits="1"/>
						<line number="38" hits="1"/>
						<line number="43" hits="1"/>
						<line number="44" hits="1"/>
						<line number="47" hits="1"/>
						<line number="48" hits="1"/>
						<line number="53" hits="1"/>
						<line number="54" hits="1"/>
						<line number="55" hits="1"/>
					</lines>
				</class>
				<class name="test_chat_service.py" filename="tests/test_chat_service.py" complexity="0" line-rate="1" branch-rate="0">
					<methods/>
					<lines>
						<line number="1" hits="1"/>
						<line number="3" hits="1"/>
						<line number="4" hits="1"/>
						<line number="5" hits="1"/>
						<line number="7" hits="1"/>
						<line number="8" hits="1"/>
						<line number="9" hits="1"/>
					</lines>
				</class>
				<class name="test_inference_cache.py" filename="tests/test_inference_cache.py" complexity="0" line-rate="0.9717" branch-rate="0">
					<methods/>
					<lines>
						<line number="3" hits="1"/>
						<line number="4" hits="1"/>
						<line number="5" hits="1"/>
						<line number="7" hits="1"/>
						<line number="14" hits="1"/>
						<line number="16" hits="0"/>
						<line number="17" hits="0"/>
						<line number="18" hits="0"/>
						<line number="25" hits="1"/>
						<line number="26" hits="1"/>
						<line number="28" hits="1"/>
						<line number="29" hits="1"/>
						<line number="30" hits="1"/>
						<line number="33" hits="1"/>
						<line number="34" hits="1"/>
						<line number="36" hits="1"/>
						<line number="39" hits="1"/>
						<line number="40" hits="1"/>
						<line number="42" hits="1"/>
						<line number="43" hits="1"/>
						<line number="50" hits="1"/>
						<line number="51" hits="1"/>
						<line number="53" hits="1"/>
						<line number="54" hits="1"/>
						<line number="55" hits="1"/>
						<line number="56" hits="1"/>
						<line number="58" hits="1"/>
						<line number="60" hits="1"/>
						<line number="61" hits="1"/>
						<line number="64" hits="1"/>
						<line number="66" hits="1"/>
						<line number="67" hits="1"/>
						<line number="69" hits="1"/>
						<line number="70" hits="1"/>
						<line number="71" hits="1"/>
						<line number="72" hits="1"/>
						<line number="74" hits="1"/>
						<line number="75" hits="1"/>
						<line number="76" hits="1"/>
						<line number="78" hits="1"/>
						<line number="79" hits="1"/>
						<line number="86" hits="1"/>
						<line number="87" hits="1"/>
						<line number="89" hits="1"/>
						<line number="90" hits="1"/>
						<line number="91" hits="1"/>
						<line number="92" hits="1"/>
						<line number="94" hits="1"/>
						<line number="95" hits="1"/>
						<line number="98" hits="1"/>
						<line number="100" hits="1"/>
						<line number="101" hits="1"/>
						<line number="103" hits="1"/>
						<line number="104" hits="1"/>
						<line number="105" hits="1"/>
						<line number="106" hits="1"/>
						<line number="108" hits="1"/>
						<line number="109" hits="1"/>
						<line number="110" hits="1"/>
						<line number="111" hits="1"/>
						<line number="113" hits="1"/>
						<line number="114" hits="1"/>
						<line number="115" hits="1"/>
						<line number="122" hits="1"/>
						<line number="124" hits="1"/>
						<line number="126" hits="1"/>
						<line number="127" hits="1"/>
						<line number="128" hits="1"/>
						<line number="129" hits="1"/>
						<line number="131" hits="1"/>
						<line number="132" hits="1"/>
						<line number="135" hits="1"/>
						<line number="137" hits="1"/>
						<line number="139" hits="1"/>
						<line number="140" hits="1"/>
						<line number="141" hits="1"/>
						<line number="142" hits="1"/>
						<line number="145" hits="1"/>
						<line number="148" hits="1"/>
						<line number="150" hits="1"/>
						<line number="151" hits="1"/>
						<line number="153" hits="1"/>
						<line number="154" hits="1"/>
						<line number="155" hits="1"/>
						<line number="156" hits="1"/>
						<line number="157" hits="1"/>
						<line number="159" hits="1"/>
						<line number="160" hits="1"/>
						<line number="161" hits="1"/>
						<line number="162" hits="1"/>
						<line number="164" hits="1"/>
						<line number="171" hits="1"/>
						<line number="172" hits="1"/>
						<line number="174" hits="1"/>
						<line number="175" hits="1"/>
						<line number="176" hits="1"/>
						<line number="178" hits="1"/>
						<line number="180" hits="1"/>
						<line number="181" hits="1"/>
						<line number="184" hits="1"/>
						<line number="185" hits="1"/>
						<line number="187" hits="1"/>
						<line number="188" hits="1"/>
						<line number="189" hits="1"/>
						<line number="191" hits="1"/>
						<line number="193" hits="1"/>
					</lines>
				</class>
			</classes>
		</package>
		<package name="tests.tests" line-rate="1" branch-rate="0" complexity="0">
			<classes>
				<class name="test_llm_client.py" filename="tests/tests/test_llm_client.py" complexity="0" line-rate="1" branch-rate="0">
					<methods/>
					<lines>
						<line number="1" hits="1"/>
						<line number="3" hits="1"/>
						<line number="4" hits="1"/>
						<line number="6" hits="1"/>
						<line number="7" hits="1"/>
						<line number="8" hits="1"/>
					</lines>
				</class>
			</classes>
		</package>
	</packages>
</coverage>
